\BOOKMARK [0][-]{chapter*.1}{SUMMARY}{}% 1
\BOOKMARK [0][-]{section*.2}{TABLE\040OF\040CONTENTS}{}% 2
\BOOKMARK [0][-]{section*.3}{LIST\040OF\040FIGURES}{}% 3
\BOOKMARK [0][-]{section*.4}{LIST\040OF\040TABLES}{}% 4
\BOOKMARK [0][-]{chapter.1}{Datasets}{}% 5
\BOOKMARK [1][-]{section.1.1}{Healthcare}{chapter.1}% 6
\BOOKMARK [2][-]{subsection.1.1.1}{Behavioral\040Risk\040Factor}{section.1.1}% 7
\BOOKMARK [2][-]{subsection.1.1.2}{Healthcare\040Spending}{section.1.1}% 8
\BOOKMARK [1][-]{section.1.2}{Video\040Gaming}{chapter.1}% 9
\BOOKMARK [0][-]{chapter.2}{Data\040manipulation}{}% 10
\BOOKMARK [1][-]{section.2.1}{Units\040sold\040&\040ratings}{chapter.2}% 11
\BOOKMARK [2][-]{subsection.2.1.1}{Removing\040outliers}{section.2.1}% 12
\BOOKMARK [2][-]{subsection.2.1.2}{Multi-platform}{section.2.1}% 13
\BOOKMARK [2][-]{subsection.2.1.3}{Console\040Developers}{section.2.1}% 14
\BOOKMARK [2][-]{subsection.2.1.4}{VG\040Generation}{section.2.1}% 15
\BOOKMARK [1][-]{section.2.2}{Franchising}{chapter.2}% 16
\BOOKMARK [2][-]{subsection.2.2.1}{Pokemon}{section.2.2}% 17
\BOOKMARK [0][-]{chapter.3}{Analysis}{}% 18
\BOOKMARK [1][-]{section.3.1}{Units\040sold\040&\040reviews}{chapter.3}% 19
\BOOKMARK [2][-]{subsection.3.1.1}{Statistics}{section.3.1}% 20
\BOOKMARK [2][-]{subsection.3.1.2}{Interactive\040graphs}{section.3.1}% 21
\BOOKMARK [1][-]{section.3.2}{Franchising}{chapter.3}% 22
